<?xml version="1.0" encoding="UTF-8"?>
<testng-results skipped="0" failed="1" ignored="0" total="5" passed="4">
  <reporter-output>
    <line>
      <![CDATA[Started execution of Search button]]>
    </line>
    <line>
      <![CDATA[Started execution of Destination Test]]>
    </line>
    <line>
      <![CDATA[Started execution of Assertion]]>
    </line>
    <line>
      <![CDATA[Started execution of Search button Click]]>
    </line>
  </reporter-output>
  <suite name="testCycle1" duration-ms="54828" started-at="2021-06-06T17:34:40Z" finished-at="2021-06-06T17:35:35Z">
    <groups>
    </groups>
    <test name="RealDeviceTest" duration-ms="29986" started-at="2021-06-06T17:34:40Z" finished-at="2021-06-06T17:35:10Z">
      <class name="appiumScripts.SwipeTest">
        <test-method status="PASS" signature="setup(java.lang.String, java.lang.String, java.lang.String)[pri:0, instance:appiumScripts.SwipeTest@1dc67c2]" name="setup" duration-ms="29927" started-at="2021-06-06T17:34:40Z" finished-at="2021-06-06T17:35:10Z">
          <params>
            <param index="0">
              <value>
                <![CDATA[443418ec]]>
              </value>
            </param>
            <param index="1">
              <value>
                <![CDATA[8.1.0]]>
              </value>
            </param>
            <param index="2">
              <value>
                <![CDATA[http://127.0.0.1:4733/wd/hub]]>
              </value>
            </param>
          </params>
          <reporter-output>
          </reporter-output>
        </test-method> <!-- setup -->
      </class> <!-- appiumScripts.SwipeTest -->
    </test> <!-- RealDeviceTest -->
    <test name="Emulator Test" duration-ms="54828" started-at="2021-06-06T17:34:40Z" finished-at="2021-06-06T17:35:35Z">
      <class name="testNgScripts.HostelWorldTest">
        <test-method status="PASS" signature="setUpEmulator(java.lang.String, java.lang.String, java.lang.String)[pri:0, instance:testNgScripts.HostelWorldTest@1fcd140]" name="setUpEmulator" duration-ms="35801" started-at="2021-06-06T17:34:40Z" finished-at="2021-06-06T17:35:16Z">
          <params>
            <param index="0">
              <value>
                <![CDATA[March20121]]>
              </value>
            </param>
            <param index="1">
              <value>
                <![CDATA[6.0]]>
              </value>
            </param>
            <param index="2">
              <value>
                <![CDATA[http://127.0.0.1:4724/wd/hub]]>
              </value>
            </param>
          </params>
          <reporter-output>
          </reporter-output>
        </test-method> <!-- setUpEmulator -->
        <test-method status="PASS" signature="TestSearch()[pri:49, instance:testNgScripts.HostelWorldTest@1fcd140]" name="TestSearch" duration-ms="15371" started-at="2021-06-06T17:35:16Z" finished-at="2021-06-06T17:35:31Z">
          <reporter-output>
            <line>
              <![CDATA[Started execution of Search button]]>
            </line>
          </reporter-output>
        </test-method> <!-- TestSearch -->
        <test-method status="FAIL" signature="destinationTest()[pri:50, instance:testNgScripts.HostelWorldTest@1fcd140]" name="destinationTest" duration-ms="3341" started-at="2021-06-06T17:35:31Z" finished-at="2021-06-06T17:35:34Z">
          <exception class="java.lang.AssertionError">
            <message>
              <![CDATA[The following asserts failed:
destination donot match expected [London] but found [London, England]]]>
            </message>
            <full-stacktrace>
              <![CDATA[java.lang.AssertionError: The following asserts failed:
destination donot match expected [London] but found [London, England]
at org.testng.asserts.SoftAssert.assertAll(SoftAssert.java:43)
at testNgScripts.HostelWorldTest.destinationTest(HostelWorldTest.java:87)
at sun.reflect.NativeMethodAccessorImpl.invoke0(Native Method)
at sun.reflect.NativeMethodAccessorImpl.invoke(Unknown Source)
at sun.reflect.DelegatingMethodAccessorImpl.invoke(Unknown Source)
at java.lang.reflect.Method.invoke(Unknown Source)
at org.testng.internal.MethodInvocationHelper.invokeMethod(MethodInvocationHelper.java:124)
at org.testng.internal.Invoker.invokeMethod(Invoker.java:583)
at org.testng.internal.Invoker.invokeTestMethod(Invoker.java:719)
at org.testng.internal.Invoker.invokeTestMethods(Invoker.java:989)
at org.testng.internal.TestMethodWorker.invokeTestMethods(TestMethodWorker.java:125)
at org.testng.internal.TestMethodWorker.run(TestMethodWorker.java:109)
at org.testng.TestRunner.privateRun(TestRunner.java:648)
at org.testng.TestRunner.run(TestRunner.java:505)
at org.testng.SuiteRunner.runTest(SuiteRunner.java:455)
at org.testng.SuiteRunner.access$000(SuiteRunner.java:40)
at org.testng.SuiteRunner$SuiteWorker.run(SuiteRunner.java:489)
at org.testng.internal.thread.ThreadUtil$1.call(ThreadUtil.java:52)
at java.util.concurrent.FutureTask.run(Unknown Source)
at java.util.concurrent.ThreadPoolExecutor.runWorker(Unknown Source)
at java.util.concurrent.ThreadPoolExecutor$Worker.run(Unknown Source)
at java.lang.Thread.run(Unknown Source)
]]>
            </full-stacktrace>
          </exception> <!-- java.lang.AssertionError -->
          <reporter-output>
            <line>
              <![CDATA[Started execution of Destination Test]]>
            </line>
            <line>
              <![CDATA[Started execution of Assertion]]>
            </line>
          </reporter-output>
        </test-method> <!-- destinationTest -->
        <test-method status="PASS" signature="SearchbuttonClick()[pri:51, instance:testNgScripts.HostelWorldTest@1fcd140]" name="SearchbuttonClick" duration-ms="234" started-at="2021-06-06T17:35:34Z" finished-at="2021-06-06T17:35:35Z">
          <reporter-output>
            <line>
              <![CDATA[Started execution of Search button Click]]>
            </line>
          </reporter-output>
        </test-method> <!-- SearchbuttonClick -->
      </class> <!-- testNgScripts.HostelWorldTest -->
    </test> <!-- Emulator Test -->
  </suite> <!-- testCycle1 -->
</testng-results>
